#
# There is insufficient memory for the Java Runtime Environment to continue.
# Native memory allocation (malloc) failed to allocate 155713536 bytes for committing reserved memory.
# Possible reasons:
#   The system is out of physical RAM or swap space
#   In 32 bit mode, the process size limit was hit
# Possible solutions:
#   Reduce memory load on the system
#   Increase physical memory or swap space
#   Check if swap backing store is full
#   Use 64 bit Java on a 64 bit OS
#   Decrease Java heap size (-Xmx/-Xms)
#   Decrease number of Java threads
#   Decrease Java thread stack sizes (-Xss)
#   Set larger code cache with -XX:ReservedCodeCacheSize=
# This output file may be truncated or incomplete.
#
#  Out of Memory Error (os_linux.cpp:2827), pid=9395, tid=140601536628480
#
# JRE version: OpenJDK Runtime Environment (7.0_101) (build 1.7.0_101-b00)
# Java VM: OpenJDK 64-Bit Server VM (24.95-b01 mixed mode linux-amd64 compressed oops)
# Derivative: IcedTea 2.6.6
# Distribution: Ubuntu 15.10, package 7u101-2.6.6-0ubuntu0.15.10.1
# Failed to write core dump. Core dumps have been disabled. To enable core dumping, try "ulimit -c unlimited" before starting Java again
#

---------------  T H R E A D  ---------------

Current thread (0x00007fe054076000):  VMThread [stack: 0x00007fe058954000,0x00007fe058a55000] [id=9422]

Stack: [0x00007fe058954000,0x00007fe058a55000],  sp=0x00007fe058a534f0,  free space=1021k
Native frames: (J=compiled Java code, j=interpreted, Vv=VM code, C=native code)
V  [libjvm.so+0x996303]
V  [libjvm.so+0x48b94f]
V  [libjvm.so+0x802a2b]
V  [libjvm.so+0x7fce1e]
V  [libjvm.so+0x872f2b]
V  [libjvm.so+0x874873]
V  [libjvm.so+0x870af8]
V  [libjvm.so+0x870ddc]
V  [libjvm.so+0x8263e3]
V  [libjvm.so+0x997da2]
V  [libjvm.so+0x99cae7]
V  [libjvm.so+0x99a378]
V  [libjvm.so+0x99b6ef]
V  [libjvm.so+0x99bbe1]
V  [libjvm.so+0x7ff952]

VM_Operation (0x00007fe04cb01010): ParallelGCFailedAllocation, mode: safepoint, requested by thread 0x00007fe0541b5800


---------------  P R O C E S S  ---------------

Java Threads: ( => current thread )
  0x00007fe0541c0000 JavaThread "pool-1-thread-4" [_thread_blocked, id=9468, stack(0x00007fe04c5fe000,0x00007fe04c6ff000)]
  0x00007fe0541be800 JavaThread "pool-1-thread-3" [_thread_blocked, id=9464, stack(0x00007fe04c6ff000,0x00007fe04c800000)]
  0x00007fe0541bd800 JavaThread "pool-1-thread-2" [_thread_blocked, id=9458, stack(0x00007fe04c800000,0x00007fe04c901000)]
  0x00007fe0541b7000 JavaThread "pool-2-thread-1" [_thread_blocked, id=9453, stack(0x00007fe04c901000,0x00007fe04ca02000)]
  0x00007fe0541b5800 JavaThread "pool-1-thread-1" [_thread_blocked, id=9452, stack(0x00007fe04ca02000,0x00007fe04cb03000)]
  0x00007fe0540b1000 JavaThread "Service Thread" daemon [_thread_blocked, id=9435, stack(0x00007fe04e6cc000,0x00007fe04e7cd000)]
  0x00007fe0540ae800 JavaThread "C2 CompilerThread1" daemon [_thread_blocked, id=9434, stack(0x00007fe04e7cd000,0x00007fe04e8ce000)]
  0x00007fe0540ab800 JavaThread "C2 CompilerThread0" daemon [_thread_blocked, id=9433, stack(0x00007fe04e8ce000,0x00007fe04e9cf000)]
  0x00007fe0540a9800 JavaThread "Signal Dispatcher" daemon [_thread_blocked, id=9432, stack(0x00007fe04e9cf000,0x00007fe04ead0000)]
  0x00007fe05407c800 JavaThread "Finalizer" daemon [_thread_blocked, id=9427, stack(0x00007fe058752000,0x00007fe058853000)]
  0x00007fe05407a800 JavaThread "Reference Handler" daemon [_thread_blocked, id=9426, stack(0x00007fe058853000,0x00007fe058954000)]
  0x00007fe05400a800 JavaThread "main" [_thread_blocked, id=9403, stack(0x00007fe05dbcb000,0x00007fe05dccc000)]

Other Threads:
=>0x00007fe054076000 VMThread [stack: 0x00007fe058954000,0x00007fe058a55000] [id=9422]
  0x00007fe0540bb800 WatcherThread [stack: 0x00007fe04e5cb000,0x00007fe04e6cc000] [id=9436]

VM state:at safepoint (normal execution)

VM Mutex/Monitor currently owned by a thread:  ([mutex/lock_event])
[0x00007fe054006a20] Threads_lock - owner thread: 0x00007fe054076000
[0x00007fe054006f20] Heap_lock - owner thread: 0x00007fe0541b5800

Heap
 PSYoungGen      total 147456K, used 35299K [0x00000000eaa80000, 0x00000000f6b80000, 0x0000000100000000)
  eden space 112128K, 0% used [0x00000000eaa80000,0x00000000eaa80000,0x00000000f1800000)
  from space 35328K, 99% used [0x00000000f1800000,0x00000000f3a78e28,0x00000000f3a80000)
  to   space 20480K, 0% used [0x00000000f3a80000,0x00000000f3a80000,0x00000000f4e80000)
 ParOldGen       total 98304K, used 97545K [0x00000000c0000000, 0x00000000c6000000, 0x00000000eaa80000)
  object space 98304K, 99% used [0x00000000c0000000,0x00000000c5f42470,0x00000000c6000000)
 PSPermGen       total 21504K, used 6337K [0x00000000b5a00000, 0x00000000b6f00000, 0x00000000c0000000)
  object space 21504K, 29% used [0x00000000b5a00000,0x00000000b6030678,0x00000000b6f00000)

Card table byte_map: [0x00007fe05a4fd000,0x00007fe05a751000] byte_map_base: 0x00007fe059f50000

Polling page: 0x00007fe05dce4000

Code Cache  [0x00007fe051000000, 0x00007fe051270000, 0x00007fe054000000)
 total_blobs=662 nmethods=432 adapters=183 free_code_cache=47330Kb largest_free_block=48423040

Compilation events (10 events):
Event: 5,358 Thread 0x00007fe0540ae800 nmethod 435 0x00007fe0511cb750 code [0x00007fe0511cb880, 0x00007fe0511cb8d8]
Event: 5,358 Thread 0x00007fe0540ae800  436   !         com.android.dx.cf.code.RopperMachine::run (1550 bytes)
Event: 5,361 Thread 0x00007fe0540ab800 nmethod 434 0x00007fe0511c8410 code [0x00007fe0511c85a0, 0x00007fe0511c89b8]
Event: 5,361 Thread 0x00007fe0540ab800  437             com.android.dx.rop.cst.CstInteger::getType (4 bytes)
Event: 5,361 Thread 0x00007fe0540ab800 nmethod 437 0x00007fe0511cb490 code [0x00007fe0511cb5c0, 0x00007fe0511cb618]
Event: 5,361 Thread 0x00007fe0540ab800  438   !         com.android.dx.rop.cst.StdConstantPool::get (24 bytes)
Event: 5,361 Thread 0x00007fe0540ab800 nmethod 438 0x00007fe0511c8150 code [0x00007fe0511c82a0, 0x00007fe0511c8358]
Event: 5,361 Thread 0x00007fe0540ab800  439             com.android.dx.rop.code.RegisterSpec::getType (10 bytes)
Event: 5,362 Thread 0x00007fe0540ab800 nmethod 439 0x00007fe0511c7f10 code [0x00007fe0511c8060, 0x00007fe0511c80d8]
Event: 5,362 Thread 0x00007fe0540ab800  440             com.android.dx.ssa.SsaConverter::edgeSplitMoveExceptionsAndResults (157 bytes)

GC Heap History (10 events):
Event: 2,077 GC heap after
Heap after GC invocations=2 (full 0):
 PSYoungGen      total 36864K, used 5098K [0x00000000eaa80000, 0x00000000ef280000, 0x0000000100000000)
  eden space 31744K, 0% used [0x00000000eaa80000,0x00000000eaa80000,0x00000000ec980000)
  from space 5120K, 99% used [0x00000000ece80000,0x00000000ed37aab8,0x00000000ed380000)
  to   space 5120K, 0% used [0x00000000ec980000,0x00000000ec980000,0x00000000ece80000)
 ParOldGen       total 83968K, used 3244K [0x00000000c0000000, 0x00000000c5200000, 0x00000000eaa80000)
  object space 83968K, 3% used [0x00000000c0000000,0x00000000c032b3a0,0x00000000c5200000)
 PSPermGen       total 21504K, used 6198K [0x00000000b5a00000, 0x00000000b6f00000, 0x00000000c0000000)
  object space 21504K, 28% used [0x00000000b5a00000,0x00000000b600d8a0,0x00000000b6f00000)
}
Event: 3,082 GC heap before
{Heap before GC invocations=3 (full 0):
 PSYoungGen      total 36864K, used 36842K [0x00000000eaa80000, 0x00000000ef280000, 0x0000000100000000)
  eden space 31744K, 100% used [0x00000000eaa80000,0x00000000ec980000,0x00000000ec980000)
  from space 5120K, 99% used [0x00000000ece80000,0x00000000ed37aab8,0x00000000ed380000)
  to   space 5120K, 0% used [0x00000000ec980000,0x00000000ec980000,0x00000000ece80000)
 ParOldGen       total 83968K, used 3244K [0x00000000c0000000, 0x00000000c5200000, 0x00000000eaa80000)
  object space 83968K, 3% used [0x00000000c0000000,0x00000000c032b3a0,0x00000000c5200000)
 PSPermGen       total 21504K, used 6257K [0x00000000b5a00000, 0x00000000b6f00000, 0x00000000c0000000)
  object space 21504K, 29% used [0x00000000b5a00000,0x00000000b601c7f8,0x00000000b6f00000)
Event: 3,119 GC heap after
Heap after GC invocations=3 (full 0):
 PSYoungGen      total 36864K, used 5088K [0x00000000eaa80000, 0x00000000ef280000, 0x0000000100000000)
  eden space 31744K, 0% used [0x00000000eaa80000,0x00000000eaa80000,0x00000000ec980000)
  from space 5120K, 99% used [0x00000000ec980000,0x00000000ece78048,0x00000000ece80000)
  to   space 5120K, 0% used [0x00000000eed80000,0x00000000eed80000,0x00000000ef280000)
 ParOldGen       total 83968K, used 7772K [0x00000000c0000000, 0x00000000c5200000, 0x00000000eaa80000)
  object space 83968K, 9% used [0x00000000c0000000,0x00000000c0797260,0x00000000c5200000)
 PSPermGen       total 21504K, used 6257K [0x00000000b5a00000, 0x00000000b6f00000, 0x00000000c0000000)
  object space 21504K, 29% used [0x00000000b5a00000,0x00000000b601c7f8,0x00000000b6f00000)
}
Event: 3,585 GC heap before
{Heap before GC invocations=4 (full 0):
 PSYoungGen      total 36864K, used 36832K [0x00000000eaa80000, 0x00000000ef280000, 0x0000000100000000)
  eden space 31744K, 100% used [0x00000000eaa80000,0x00000000ec980000,0x00000000ec980000)
  from space 5120K, 99% used [0x00000000ec980000,0x00000000ece78048,0x00000000ece80000)
  to   space 5120K, 0% used [0x00000000eed80000,0x00000000eed80000,0x00000000ef280000)
 ParOldGen       total 83968K, used 7772K [0x00000000c0000000, 0x00000000c5200000, 0x00000000eaa80000)
  object space 83968K, 9% used [0x00000000c0000000,0x00000000c0797260,0x00000000c5200000)
 PSPermGen       total 21504K, used 6284K [0x00000000b5a00000, 0x00000000b6f00000, 0x00000000c0000000)
  object space 21504K, 29% used [0x00000000b5a00000,0x00000000b6023268,0x00000000b6f00000)
Event: 3,619 GC heap after
Heap after GC invocations=4 (full 0):
 PSYoungGen      total 68608K, used 5088K [0x00000000eaa80000, 0x00000000ef280000, 0x0000000100000000)
  eden space 63488K, 0% used [0x00000000eaa80000,0x00000000eaa80000,0x00000000ee880000)
  from space 5120K, 99% used [0x00000000eed80000,0x00000000ef278028,0x00000000ef280000)
  to   space 5120K, 0% used [0x00000000ee880000,0x00000000ee880000,0x00000000eed80000)
 ParOldGen       total 83968K, used 12226K [0x00000000c0000000, 0x00000000c5200000, 0x00000000eaa80000)
  object space 83968K, 14% used [0x00000000c0000000,0x00000000c0bf08c8,0x00000000c5200000)
 PSPermGen       total 21504K, used 6284K [0x00000000b5a00000, 0x00000000b6f00000, 0x00000000c0000000)
  object space 21504K, 29% used [0x00000000b5a00000,0x00000000b6023268,0x00000000b6f00000)
}
Event: 4,558 GC heap before
{Heap before GC invocations=5 (full 0):
 PSYoungGen      total 68608K, used 68576K [0x00000000eaa80000, 0x00000000ef280000, 0x0000000100000000)
  eden space 63488K, 100% used [0x00000000eaa80000,0x00000000ee880000,0x00000000ee880000)
  from space 5120K, 99% used [0x00000000eed80000,0x00000000ef278028,0x00000000ef280000)
  to   space 5120K, 0% used [0x00000000ee880000,0x00000000ee880000,0x00000000eed80000)
 ParOldGen       total 83968K, used 12226K [0x00000000c0000000, 0x00000000c5200000, 0x00000000eaa80000)
  object space 83968K, 14% used [0x00000000c0000000,0x00000000c0bf08c8,0x00000000c5200000)
 PSPermGen       total 21504K, used 6328K [0x00000000b5a00000, 0x00000000b6f00000, 0x00000000c0000000)
  object space 21504K, 29% used [0x00000000b5a00000,0x00000000b602e388,0x00000000b6f00000)
Event: 4,586 GC heap after
Heap after GC invocations=5 (full 0):
 PSYoungGen      total 68608K, used 5096K [0x00000000eaa80000, 0x00000000f4e80000, 0x0000000100000000)
  eden space 63488K, 0% used [0x00000000eaa80000,0x00000000eaa80000,0x00000000ee880000)
  from space 5120K, 99% used [0x00000000ee880000,0x00000000eed7a0d0,0x00000000eed80000)
  to   space 20480K, 0% used [0x00000000f3a80000,0x00000000f3a80000,0x00000000f4e80000)
 ParOldGen       total 83968K, used 28855K [0x00000000c0000000, 0x00000000c5200000, 0x00000000eaa80000)
  object space 83968K, 34% used [0x00000000c0000000,0x00000000c1c2dc88,0x00000000c5200000)
 PSPermGen       total 21504K, used 6328K [0x00000000b5a00000, 0x00000000b6f00000, 0x00000000c0000000)
  object space 21504K, 29% used [0x00000000b5a00000,0x00000000b602e388,0x00000000b6f00000)
}
Event: 5,309 GC heap before
{Heap before GC invocations=6 (full 0):
 PSYoungGen      total 68608K, used 68584K [0x00000000eaa80000, 0x00000000f4e80000, 0x0000000100000000)
  eden space 63488K, 100% used [0x00000000eaa80000,0x00000000ee880000,0x00000000ee880000)
  from space 5120K, 99% used [0x00000000ee880000,0x00000000eed7a0d0,0x00000000eed80000)
  to   space 20480K, 0% used [0x00000000f3a80000,0x00000000f3a80000,0x00000000f4e80000)
 ParOldGen       total 83968K, used 28855K [0x00000000c0000000, 0x00000000c5200000, 0x00000000eaa80000)
  object space 83968K, 34% used [0x00000000c0000000,0x00000000c1c2dc88,0x00000000c5200000)
 PSPermGen       total 21504K, used 6335K [0x00000000b5a00000, 0x00000000b6f00000, 0x00000000c0000000)
  object space 21504K, 29% used [0x00000000b5a00000,0x00000000b602ff30,0x00000000b6f00000)
Event: 5,339 GC heap after
Heap after GC invocations=6 (full 0):
 PSYoungGen      total 132608K, used 20453K [0x00000000eaa80000, 0x00000000f6b80000, 0x0000000100000000)
  eden space 112128K, 0% used [0x00000000eaa80000,0x00000000eaa80000,0x00000000f1800000)
  from space 20480K, 99% used [0x00000000f3a80000,0x00000000f4e796d0,0x00000000f4e80000)
  to   space 35328K, 0% used [0x00000000f1800000,0x00000000f1800000,0x00000000f3a80000)
 ParOldGen       total 83968K, used 48428K [0x00000000c0000000, 0x00000000c5200000, 0x00000000eaa80000)
  object space 83968K, 57% used [0x00000000c0000000,0x00000000c2f4b270,0x00000000c5200000)
 PSPermGen       total 21504K, used 6335K [0x00000000b5a00000, 0x00000000b6f00000, 0x00000000c0000000)
  object space 21504K, 29% used [0x00000000b5a00000,0x00000000b602ff30,0x00000000b6f00000)
}
Event: 5,443 GC heap before
{Heap before GC invocations=7 (full 0):
 PSYoungGen      total 132608K, used 132581K [0x00000000eaa80000, 0x00000000f6b80000, 0x0000000100000000)
  eden space 112128K, 100% used [0x00000000eaa80000,0x00000000f1800000,0x00000000f1800000)
  from space 20480K, 99% used [0x00000000f3a80000,0x00000000f4e796d0,0x00000000f4e80000)
  to   space 35328K, 0% used [0x00000000f1800000,0x00000000f1800000,0x00000000f3a80000)
 ParOldGen       total 83968K, used 48428K [0x00000000c0000000, 0x00000000c5200000, 0x00000000eaa80000)
  object space 83968K, 57% used [0x00000000c0000000,0x00000000c2f4b270,0x00000000c5200000)
 PSPermGen       total 21504K, used 6337K [0x00000000b5a00000, 0x00000000b6f00000, 0x00000000c0000000)
  object space 21504K, 29% used [0x00000000b5a00000,0x00000000b6030678,0x00000000b6f00000)

Deoptimization events (10 events):
Event: 0,661 Thread 0x00007fe05400a800 Uncommon trap: reason=class_check action=maybe_recompile pc=0x00007fe05107a7e8 method=com.android.dx.ssa.NormalSsaInsn.accept(Lcom/android/dx/ssa/SsaInsn$Visitor;)V @ 9
Event: 0,661 Thread 0x00007fe05400a800 Uncommon trap: reason=class_check action=maybe_recompile pc=0x00007fe05107a7e8 method=com.android.dx.ssa.NormalSsaInsn.accept(Lcom/android/dx/ssa/SsaInsn$Visitor;)V @ 9
Event: 0,709 Thread 0x00007fe05400a800 Uncommon trap: reason=class_check action=maybe_recompile pc=0x00007fe05107a7e8 method=com.android.dx.ssa.NormalSsaInsn.accept(Lcom/android/dx/ssa/SsaInsn$Visitor;)V @ 9
Event: 1,018 Thread 0x00007fe0541b5800 Uncommon trap: reason=null_check action=make_not_entrant pc=0x00007fe05108bf50 method=com.android.dx.rop.type.Type.equals(Ljava/lang/Object;)Z @ 8
Event: 1,070 Thread 0x00007fe0541b5800 Uncommon trap: reason=unstable_if action=reinterpret pc=0x00007fe05109be84 method=com.android.dx.rop.cst.Constant.compareTo(Lcom/android/dx/rop/cst/Constant;)I @ 12
Event: 1,344 Thread 0x00007fe05400a800 Uncommon trap: reason=unstable_if action=reinterpret pc=0x00007fe05109d9f4 method=com.android.dx.util.IntList.binarysearch(I)I @ 105
Event: 4,092 Thread 0x00007fe0541bd800 Uncommon trap: reason=null_check action=make_not_entrant pc=0x00007fe051113ff4 method=com.android.dx.cf.code.Ropper$CatchInfo.getSetup(Lcom/android/dx/rop/type/Type;)Lcom/android/dx/cf/code/Ropper$ExceptionHandlerSetup; @ 10
Event: 4,234 Thread 0x00007fe05400a800 Uncommon trap: reason=null_check action=make_not_entrant pc=0x00007fe0510f24bc method=com.android.dx.rop.type.Type.putIntern(Lcom/android/dx/rop/type/Type;)Lcom/android/dx/rop/type/Type; @ 18
Event: 4,538 Thread 0x00007fe05400a800 Uncommon trap: reason=unstable_if action=reinterpret pc=0x00007fe051135cc0 method=com.android.dx.ssa.SCCP.simulateStmt(Lcom/android/dx/ssa/SsaInsn;)V @ 59
Event: 5,356 Thread 0x00007fe05400a800 Uncommon trap: reason=class_check action=maybe_recompile pc=0x00007fe05114eec0 method=com.android.dx.ssa.SCCP.replaceConstants()V @ 182

Internal exceptions (10 events):
Event: 2,252 Thread 0x00007fe05400a800 Threw 0x00000000eae6ff50 at /build/openjdk-7-hZgspp/openjdk-7-7u101-2.6.6/build/openjdk/hotspot/src/share/vm/prims/jvm.cpp:1322
Event: 2,252 Thread 0x00007fe05400a800 Threw 0x00000000eae72eb8 at /build/openjdk-7-hZgspp/openjdk-7-7u101-2.6.6/build/openjdk/hotspot/src/share/vm/prims/jvm.cpp:1322
Event: 2,359 Thread 0x00007fe0541bd800 Threw 0x00000000eb1df668 at /build/openjdk-7-hZgspp/openjdk-7-7u101-2.6.6/build/openjdk/hotspot/src/share/vm/prims/jvm.cpp:1322
Event: 2,360 Thread 0x00007fe0541bd800 Threw 0x00000000eb1e5608 at /build/openjdk-7-hZgspp/openjdk-7-7u101-2.6.6/build/openjdk/hotspot/src/share/vm/prims/jvm.cpp:1322
Event: 2,360 Thread 0x00007fe0541bd800 Threw 0x00000000eb1eb378 at /build/openjdk-7-hZgspp/openjdk-7-7u101-2.6.6/build/openjdk/hotspot/src/share/vm/prims/jvm.cpp:1322
Event: 2,991 Thread 0x00007fe0541c0000 Threw 0x00000000ec3fe4c0 at /build/openjdk-7-hZgspp/openjdk-7-7u101-2.6.6/build/openjdk/hotspot/src/share/vm/prims/jvm.cpp:1322
Event: 3,375 Thread 0x00007fe0541be800 Threw 0x00000000ebb1dc78 at /build/openjdk-7-hZgspp/openjdk-7-7u101-2.6.6/build/openjdk/hotspot/src/share/vm/prims/jvm.cpp:1322
Event: 4,092 Thread 0x00007fe0541bd800 Implicit null exception at 0x00007fe05110fb8c to 0x00007fe051113fa1
Event: 4,234 Thread 0x00007fe05400a800 Implicit null exception at 0x00007fe0510f1dcb to 0x00007fe0510f24ad
Event: 4,501 Thread 0x00007fe0541b5800 Threw 0x00000000eded4790 at /build/openjdk-7-hZgspp/openjdk-7-7u101-2.6.6/build/openjdk/hotspot/src/share/vm/prims/jvm.cpp:1322

Events (10 events):
Event: 5,339 Executing VM operation: RevokeBias
Event: 5,340 Executing VM operation: RevokeBias done
Event: 5,340 Executing VM operation: RevokeBias
Event: 5,340 Executing VM operation: RevokeBias done
Event: 5,346 Executing VM operation: BulkRevokeBias
Event: 5,348 Executing VM operation: BulkRevokeBias done
Event: 5,356 Thread 0x00007fe05400a800 Uncommon trap: trap_request=0xffffffde fr.pc=0x00007fe05114eec0
Event: 5,356 Thread 0x00007fe05400a800 DEOPT PACKING pc=0x00007fe05114eec0 sp=0x00007fe05dcc9aa0
Event: 5,356 Thread 0x00007fe05400a800 DEOPT UNPACKING pc=0x00007fe051039445 sp=0x00007fe05dcc99f0 mode 2
Event: 5,442 Executing VM operation: ParallelGCFailedAllocation


Dynamic libraries:
00400000-00401000 r-xp 00000000 08:05 9317576                            /usr/lib/jvm/java-7-openjdk-amd64/jre/bin/java
00600000-00601000 r--p 00000000 08:05 9317576                            /usr/lib/jvm/java-7-openjdk-amd64/jre/bin/java
00601000-00602000 rw-p 00001000 08:05 9317576                            /usr/lib/jvm/java-7-openjdk-amd64/jre/bin/java
0154a000-0156b000 rw-p 00000000 00:00 0                                  [heap]
b5a00000-b6f00000 rw-p 00000000 00:00 0 
b6f00000-c0000000 rw-p 00000000 00:00 0 
c0000000-c6000000 rw-p 00000000 00:00 0 
c6000000-eaa80000 rw-p 00000000 00:00 0 
eaa80000-f6b80000 rw-p 00000000 00:00 0 
7fe008000000-7fe008021000 rw-p 00000000 00:00 0 
7fe008021000-7fe00c000000 ---p 00000000 00:00 0 
7fe00c000000-7fe00c021000 rw-p 00000000 00:00 0 
7fe00c021000-7fe010000000 ---p 00000000 00:00 0 
7fe010000000-7fe010021000 rw-p 00000000 00:00 0 
7fe010021000-7fe014000000 ---p 00000000 00:00 0 
7fe014000000-7fe014046000 rw-p 00000000 00:00 0 
7fe014046000-7fe018000000 ---p 00000000 00:00 0 
7fe018000000-7fe018021000 rw-p 00000000 00:00 0 
7fe018021000-7fe01c000000 ---p 00000000 00:00 0 
7fe01c000000-7fe01c021000 rw-p 00000000 00:00 0 
7fe01c021000-7fe020000000 ---p 00000000 00:00 0 
7fe020000000-7fe0216df000 rw-p 00000000 00:00 0 
7fe0216df000-7fe024000000 ---p 00000000 00:00 0 
7fe024000000-7fe024021000 rw-p 00000000 00:00 0 
7fe024021000-7fe028000000 ---p 00000000 00:00 0 
7fe028000000-7fe028021000 rw-p 00000000 00:00 0 
7fe028021000-7fe02c000000 ---p 00000000 00:00 0 
7fe02c000000-7fe02d8cd000 rw-p 00000000 00:00 0 
7fe02d8cd000-7fe030000000 ---p 00000000 00:00 0 
7fe030000000-7fe030021000 rw-p 00000000 00:00 0 
7fe030021000-7fe034000000 ---p 00000000 00:00 0 
7fe034000000-7fe034021000 rw-p 00000000 00:00 0 
7fe034021000-7fe038000000 ---p 00000000 00:00 0 
7fe038000000-7fe038021000 rw-p 00000000 00:00 0 
7fe038021000-7fe03c000000 ---p 00000000 00:00 0 
7fe03c000000-7fe03c021000 rw-p 00000000 00:00 0 
7fe03c021000-7fe040000000 ---p 00000000 00:00 0 
7fe040000000-7fe040021000 rw-p 00000000 00:00 0 
7fe040021000-7fe044000000 ---p 00000000 00:00 0 
7fe044000000-7fe044021000 rw-p 00000000 00:00 0 
7fe044021000-7fe048000000 ---p 00000000 00:00 0 
7fe048000000-7fe048021000 rw-p 00000000 00:00 0 
7fe048021000-7fe04c000000 ---p 00000000 00:00 0 
7fe04c5fe000-7fe04c601000 ---p 00000000 00:00 0 
7fe04c601000-7fe04c6ff000 rw-p 00000000 00:00 0 
7fe04c6ff000-7fe04c702000 ---p 00000000 00:00 0 
7fe04c702000-7fe04c800000 rw-p 00000000 00:00 0 
7fe04c800000-7fe04c803000 ---p 00000000 00:00 0 
7fe04c803000-7fe04c901000 rw-p 00000000 00:00 0 
7fe04c901000-7fe04c904000 ---p 00000000 00:00 0 
7fe04c904000-7fe04ca02000 rw-p 00000000 00:00 0 
7fe04ca02000-7fe04ca05000 ---p 00000000 00:00 0 
7fe04ca05000-7fe04ce04000 rw-p 00000000 00:00 0 
7fe04ce04000-7fe04ce70000 r-xp 00000000 08:05 1839568                    /lib/x86_64-linux-gnu/libpcre.so.3.13.1
7fe04ce70000-7fe04d070000 ---p 0006c000 08:05 1839568                    /lib/x86_64-linux-gnu/libpcre.so.3.13.1
7fe04d070000-7fe04d071000 r--p 0006c000 08:05 1839568                    /lib/x86_64-linux-gnu/libpcre.so.3.13.1
7fe04d071000-7fe04d072000 rw-p 0006d000 08:05 1839568                    /lib/x86_64-linux-gnu/libpcre.so.3.13.1
7fe04d072000-7fe04d079000 r-xp 00000000 08:05 8790868                    /usr/lib/x86_64-linux-gnu/libffi.so.6.0.4
7fe04d079000-7fe04d278000 ---p 00007000 08:05 8790868                    /usr/lib/x86_64-linux-gnu/libffi.so.6.0.4
7fe04d278000-7fe04d279000 r--p 00006000 08:05 8790868                    /usr/lib/x86_64-linux-gnu/libffi.so.6.0.4
7fe04d279000-7fe04d27a000 rw-p 00007000 08:05 8790868                    /usr/lib/x86_64-linux-gnu/libffi.so.6.0.4
7fe04d27a000-7fe04d291000 r-xp 00000000 08:05 1835105                    /lib/x86_64-linux-gnu/libresolv-2.21.so
7fe04d291000-7fe04d491000 ---p 00017000 08:05 1835105                    /lib/x86_64-linux-gnu/libresolv-2.21.so
7fe04d491000-7fe04d492000 r--p 00017000 08:05 1835105                    /lib/x86_64-linux-gnu/libresolv-2.21.so
7fe04d492000-7fe04d493000 rw-p 00018000 08:05 1835105                    /lib/x86_64-linux-gnu/libresolv-2.21.so
7fe04d493000-7fe04d495000 rw-p 00000000 00:00 0 
7fe04d495000-7fe04d4b6000 r-xp 00000000 08:05 1839611                    /lib/x86_64-linux-gnu/libselinux.so.1
7fe04d4b6000-7fe04d6b5000 ---p 00021000 08:05 1839611                    /lib/x86_64-linux-gnu/libselinux.so.1
7fe04d6b5000-7fe04d6b6000 r--p 00020000 08:05 1839611                    /lib/x86_64-linux-gnu/libselinux.so.1
7fe04d6b6000-7fe04d6b7000 rw-p 00021000 08:05 1839611                    /lib/x86_64-linux-gnu/libselinux.so.1
7fe04d6b7000-7fe04d6b9000 rw-p 00000000 00:00 0 
7fe04d6b9000-7fe04d6bc000 r-xp 00000000 08:05 8782234                    /usr/lib/x86_64-linux-gnu/libgmodule-2.0.so.0.4600.2
7fe04d6bc000-7fe04d8bb000 ---p 00003000 08:05 8782234                    /usr/lib/x86_64-linux-gnu/libgmodule-2.0.so.0.4600.2
7fe04d8bb000-7fe04d8bc000 r--p 00002000 08:05 8782234                    /usr/lib/x86_64-linux-gnu/libgmodule-2.0.so.0.4600.2
7fe04d8bc000-7fe04d8bd000 rw-p 00003000 08:05 8782234                    /usr/lib/x86_64-linux-gnu/libgmodule-2.0.so.0.4600.2
7fe04d8bd000-7fe04d9ca000 r-xp 00000000 08:05 1836238                    /lib/x86_64-linux-gnu/libglib-2.0.so.0.4600.2
7fe04d9ca000-7fe04dbc9000 ---p 0010d000 08:05 1836238                    /lib/x86_64-linux-gnu/libglib-2.0.so.0.4600.2
7fe04dbc9000-7fe04dbca000 r--p 0010c000 08:05 1836238                    /lib/x86_64-linux-gnu/libglib-2.0.so.0.4600.2
7fe04dbca000-7fe04dbcb000 rw-p 0010d000 08:05 1836238                    /lib/x86_64-linux-gnu/libglib-2.0.so.0.4600.2
7fe04dbcb000-7fe04dbcc000 rw-p 00000000 00:00 0 
7fe04dbcc000-7fe04dc1e000 r-xp 00000000 08:05 8782233                    /usr/lib/x86_64-linux-gnu/libgobject-2.0.so.0.4600.2
7fe04dc1e000-7fe04de1d000 ---p 00052000 08:05 8782233                    /usr/lib/x86_64-linux-gnu/libgobject-2.0.so.0.4600.2
7fe04de1d000-7fe04de1e000 r--p 00051000 08:05 8782233                    /usr/lib/x86_64-linux-gnu/libgobject-2.0.so.0.4600.2
7fe04de1e000-7fe04de1f000 rw-p 00052000 08:05 8782233                    /usr/lib/x86_64-linux-gnu/libgobject-2.0.so.0.4600.2
7fe04de1f000-7fe04df99000 r-xp 00000000 08:05 8782228                    /usr/lib/x86_64-linux-gnu/libgio-2.0.so.0.4600.2
7fe04df99000-7fe04e198000 ---p 0017a000 08:05 8782228                    /usr/lib/x86_64-linux-gnu/libgio-2.0.so.0.4600.2
7fe04e198000-7fe04e19c000 r--p 00179000 08:05 8782228                    /usr/lib/x86_64-linux-gnu/libgio-2.0.so.0.4600.2
7fe04e19c000-7fe04e19e000 rw-p 0017d000 08:05 8782228                    /usr/lib/x86_64-linux-gnu/libgio-2.0.so.0.4600.2
7fe04e19e000-7fe04e1a0000 rw-p 00000000 00:00 0 
7fe04e1a0000-7fe04e1b7000 r-xp 00000000 08:05 9317601                    /usr/lib/jvm/java-7-openjdk-amd64/jre/lib/amd64/libnet.so
7fe04e1b7000-7fe04e3b7000 ---p 00017000 08:05 9317601                    /usr/lib/jvm/java-7-openjdk-amd64/jre/lib/amd64/libnet.so
7fe04e3b7000-7fe04e3b8000 r--p 00017000 08:05 9317601                    /usr/lib/jvm/java-7-openjdk-amd64/jre/lib/amd64/libnet.so
7fe04e3b8000-7fe04e3b9000 rw-p 00018000 08:05 9317601                    /usr/lib/jvm/java-7-openjdk-amd64/jre/lib/amd64/libnet.so
7fe04e3b9000-7fe04e3ca000 r-xp 00000000 08:05 9317625                    /usr/lib/jvm/java-7-openjdk-amd64/jre/lib/amd64/libnio.so
7fe04e3ca000-7fe04e5c9000 ---p 00011000 08:05 9317625                    /usr/lib/jvm/java-7-openjdk-amd64/jre/lib/amd64/libnio.so
7fe04e5c9000-7fe04e5ca000 r--p 00010000 08:05 9317625                    /usr/lib/jvm/java-7-openjdk-amd64/jre/lib/amd64/libnio.so
7fe04e5ca000-7fe04e5cb000 rw-p 00011000 08:05 9317625                    /usr/lib/jvm/java-7-openjdk-amd64/jre/lib/amd64/libnio.so
7fe04e5cb000-7fe04e5cc000 ---p 00000000 00:00 0 
7fe04e5cc000-7fe04e6cc000 rw-p 00000000 00:00 0 
7fe04e6cc000-7fe04e6cf000 ---p 00000000 00:00 0 
7fe04e6cf000-7fe04e7cd000 rw-p 00000000 00:00 0 
7fe04e7cd000-7fe04e7d0000 ---p 00000000 00:00 0 
7fe04e7d0000-7fe04e8ce000 rw-p 00000000 00:00 0 
7fe04e8ce000-7fe04e8d1000 ---p 00000000 00:00 0 
7fe04e8d1000-7fe04e9cf000 rw-p 00000000 00:00 0 
7fe04e9cf000-7fe04e9d2000 ---p 00000000 00:00 0 
7fe04e9d2000-7fe051000000 rw-p 00000000 00:00 0 
7fe051000000-7fe051270000 rwxp 00000000 00:00 0 
7fe051270000-7fe0541fe000 rw-p 00000000 00:00 0 
7fe0541fe000-7fe058000000 ---p 00000000 00:00 0 
7fe058021000-7fe058028000 r--s 00000000 08:05 9050146                    /usr/lib/x86_64-linux-gnu/gconv/gconv-modules.cache
7fe058028000-7fe05804a000 r--p 00000000 08:05 9440730                    /usr/share/locale-langpack/pt_BR/LC_MESSAGES/libc.mo
7fe05804a000-7fe05805b000 r--s 000bf000 08:05 2621785                    /home/cacomp/urgent/app/build/intermediates/exploded-aar/com.google.android.gms/play-services-ads/9.0.2/jars/classes.jar
7fe05805b000-7fe05806a000 r--s 000df000 08:05 1051277                    /home/cacomp/Android/Sdk/build-tools/23.0.3/lib/dx.jar
7fe05806a000-7fe05806e000 r--s 00034000 08:05 9317655                    /usr/lib/jvm/java-7-openjdk-amd64/jre/lib/ext/sunjce_provider.jar
7fe05806e000-7fe058752000 r--p 00000000 08:05 8789781                    /usr/lib/locale/locale-archive
7fe058752000-7fe058755000 ---p 00000000 00:00 0 
7fe058755000-7fe058853000 rw-p 00000000 00:00 0 
7fe058853000-7fe058856000 ---p 00000000 00:00 0 
7fe058856000-7fe058954000 rw-p 00000000 00:00 0 
7fe058954000-7fe058955000 ---p 00000000 00:00 0 
7fe058955000-7fe059a52000 rw-p 00000000 00:00 0 
7fe059a52000-7fe059c04000 r--s 01d32000 08:05 9317640                    /usr/lib/jvm/java-7-openjdk-amd64/jre/lib/rt.jar
7fe059c04000-7fe059f50000 rw-p 00000000 00:00 0 
7fe059f50000-7fe059f51000 ---p 00000000 00:00 0 
7fe059f51000-7fe05a051000 rw-p 00000000 00:00 0 
7fe05a051000-7fe05a052000 ---p 00000000 00:00 0 
7fe05a052000-7fe05a152000 rw-p 00000000 00:00 0 
7fe05a152000-7fe05a153000 ---p 00000000 00:00 0 
7fe05a153000-7fe05a253000 rw-p 00000000 00:00 0 
7fe05a253000-7fe05a254000 ---p 00000000 00:00 0 
7fe05a254000-7fe05a35f000 rw-p 00000000 00:00 0 
7fe05a35f000-7fe05a3a7000 rw-p 00000000 00:00 0 
7fe05a3a7000-7fe05a3d7000 rw-p 00000000 00:00 0 
7fe05a3d7000-7fe05a4fd000 rw-p 00000000 00:00 0 
7fe05a4fd000-7fe05a508000 rw-p 00000000 00:00 0 
7fe05a508000-7fe05a550000 rw-p 00000000 00:00 0 
7fe05a550000-7fe05a580000 rw-p 00000000 00:00 0 
7fe05a580000-7fe05a6a5000 rw-p 00000000 00:00 0 
7fe05a6a5000-7fe05a706000 rw-p 00000000 00:00 0 
7fe05a706000-7fe05a750000 rw-p 00000000 00:00 0 
7fe05a750000-7fe05a751000 rw-p 00000000 00:00 0 
7fe05a751000-7fe05a759000 r-xp 00000000 08:05 9317607                    /usr/lib/jvm/java-7-openjdk-amd64/jre/lib/amd64/libzip.so
7fe05a759000-7fe05a958000 ---p 00008000 08:05 9317607                    /usr/lib/jvm/java-7-openjdk-amd64/jre/lib/amd64/libzip.so
7fe05a958000-7fe05a959000 r--p 00007000 08:05 9317607                    /usr/lib/jvm/java-7-openjdk-amd64/jre/lib/amd64/libzip.so
7fe05a959000-7fe05a95a000 rw-p 00008000 08:05 9317607                    /usr/lib/jvm/java-7-openjdk-amd64/jre/lib/amd64/libzip.so
7fe05a95a000-7fe05a964000 r-xp 00000000 08:05 1835013                    /lib/x86_64-linux-gnu/libnss_files-2.21.so
7fe05a964000-7fe05ab64000 ---p 0000a000 08:05 1835013                    /lib/x86_64-linux-gnu/libnss_files-2.21.so
7fe05ab64000-7fe05ab65000 r--p 0000a000 08:05 1835013                    /lib/x86_64-linux-gnu/libnss_files-2.21.so
7fe05ab65000-7fe05ab66000 rw-p 0000b000 08:05 1835013                    /lib/x86_64-linux-gnu/libnss_files-2.21.so
7fe05ab66000-7fe05ab71000 r-xp 00000000 08:05 1835107                    /lib/x86_64-linux-gnu/libnss_nis-2.21.so
7fe05ab71000-7fe05ad70000 ---p 0000b000 08:05 1835107                    /lib/x86_64-linux-gnu/libnss_nis-2.21.so
7fe05ad70000-7fe05ad71000 r--p 0000a000 08:05 1835107                    /lib/x86_64-linux-gnu/libnss_nis-2.21.so
7fe05ad71000-7fe05ad72000 rw-p 0000b000 08:05 1835107                    /lib/x86_64-linux-gnu/libnss_nis-2.21.so
7fe05ad72000-7fe05ad89000 r-xp 00000000 08:05 1835110                    /lib/x86_64-linux-gnu/libnsl-2.21.so
7fe05ad89000-7fe05af88000 ---p 00017000 08:05 1835110                    /lib/x86_64-linux-gnu/libnsl-2.21.so
7fe05af88000-7fe05af89000 r--p 00016000 08:05 1835110                    /lib/x86_64-linux-gnu/libnsl-2.21.so
7fe05af89000-7fe05af8a000 rw-p 00017000 08:05 1835110                    /lib/x86_64-linux-gnu/libnsl-2.21.so
7fe05af8a000-7fe05af8c000 rw-p 00000000 00:00 0 
7fe05af8c000-7fe05af94000 r-xp 00000000 08:05 1835026                    /lib/x86_64-linux-gnu/libnss_compat-2.21.so
7fe05af94000-7fe05b193000 ---p 00008000 08:05 1835026                    /lib/x86_64-linux-gnu/libnss_compat-2.21.so
7fe05b193000-7fe05b194000 r--p 00007000 08:05 1835026                    /lib/x86_64-linux-gnu/libnss_compat-2.21.so
7fe05b194000-7fe05b195000 rw-p 00008000 08:05 1835026                    /lib/x86_64-linux-gnu/libnss_compat-2.21.so
7fe05b195000-7fe05b1c1000 r-xp 00000000 08:05 9317592                    /usr/lib/jvm/java-7-openjdk-amd64/jre/lib/amd64/libjava.so
7fe05b1c1000-7fe05b3c0000 ---p 0002c000 08:05 9317592                    /usr/lib/jvm/java-7-openjdk-amd64/jre/lib/amd64/libjava.so
7fe05b3c0000-7fe05b3c1000 r--p 0002b000 08:05 9317592                    /usr/lib/jvm/java-7-openjdk-amd64/jre/lib/amd64/libjava.so
7fe05b3c1000-7fe05b3c3000 rw-p 0002c000 08:05 9317592                    /usr/lib/jvm/java-7-openjdk-amd64/jre/lib/amd64/libjava.so
7fe05b3c3000-7fe05b3d2000 r-xp 00000000 08:05 9317593                    /usr/lib/jvm/java-7-openjdk-amd64/jre/lib/amd64/libverify.so
7fe05b3d2000-7fe05b5d1000 ---p 0000f000 08:05 9317593                    /usr/lib/jvm/java-7-openjdk-amd64/jre/lib/amd64/libverify.so
7fe05b5d1000-7fe05b5d3000 r--p 0000e000 08:05 9317593                    /usr/lib/jvm/java-7-openjdk-amd64/jre/lib/amd64/libverify.so
7fe05b5d3000-7fe05b5d4000 rw-p 00010000 08:05 9317593                    /usr/lib/jvm/java-7-openjdk-amd64/jre/lib/amd64/libverify.so
7fe05b5d4000-7fe05b5db000 r-xp 00000000 08:05 1835022                    /lib/x86_64-linux-gnu/librt-2.21.so
7fe05b5db000-7fe05b7da000 ---p 00007000 08:05 1835022                    /lib/x86_64-linux-gnu/librt-2.21.so
7fe05b7da000-7fe05b7db000 r--p 00006000 08:05 1835022                    /lib/x86_64-linux-gnu/librt-2.21.so
7fe05b7db000-7fe05b7dc000 rw-p 00007000 08:05 1835022                    /lib/x86_64-linux-gnu/librt-2.21.so
7fe05b7dc000-7fe05b7f2000 r-xp 00000000 08:05 1839495                    /lib/x86_64-linux-gnu/libgcc_s.so.1
7fe05b7f2000-7fe05b9f1000 ---p 00016000 08:05 1839495                    /lib/x86_64-linux-gnu/libgcc_s.so.1
7fe05b9f1000-7fe05b9f2000 r--p 00015000 08:05 1839495                    /lib/x86_64-linux-gnu/libgcc_s.so.1
7fe05b9f2000-7fe05b9f3000 rw-p 00016000 08:05 1839495                    /lib/x86_64-linux-gnu/libgcc_s.so.1
7fe05b9f3000-7fe05bafa000 r-xp 00000000 08:05 1835033                    /lib/x86_64-linux-gnu/libm-2.21.so
7fe05bafa000-7fe05bcf9000 ---p 00107000 08:05 1835033                    /lib/x86_64-linux-gnu/libm-2.21.so
7fe05bcf9000-7fe05bcfa000 r--p 00106000 08:05 1835033                    /lib/x86_64-linux-gnu/libm-2.21.so
7fe05bcfa000-7fe05bcfb000 rw-p 00107000 08:05 1835033                    /lib/x86_64-linux-gnu/libm-2.21.so
7fe05bcfb000-7fe05be6e000 r-xp 00000000 08:05 8791488                    /usr/lib/x86_64-linux-gnu/libstdc++.so.6.0.21
7fe05be6e000-7fe05c06d000 ---p 00173000 08:05 8791488                    /usr/lib/x86_64-linux-gnu/libstdc++.so.6.0.21
7fe05c06d000-7fe05c077000 r--p 00172000 08:05 8791488                    /usr/lib/x86_64-linux-gnu/libstdc++.so.6.0.21
7fe05c077000-7fe05c079000 rw-p 0017c000 08:05 8791488                    /usr/lib/x86_64-linux-gnu/libstdc++.so.6.0.21
7fe05c079000-7fe05c07d000 rw-p 00000000 00:00 0 
7fe05c07d000-7fe05cbd0000 r-xp 00000000 08:05 9317605                    /usr/lib/jvm/java-7-openjdk-amd64/jre/lib/amd64/server/libjvm.so
7fe05cbd0000-7fe05cdcf000 ---p 00b53000 08:05 9317605                    /usr/lib/jvm/java-7-openjdk-amd64/jre/lib/amd64/server/libjvm.so
7fe05cdcf000-7fe05ce60000 r--p 00b52000 08:05 9317605                    /usr/lib/jvm/java-7-openjdk-amd64/jre/lib/amd64/server/libjvm.so
7fe05ce60000-7fe05ce83000 rw-p 00be3000 08:05 9317605                    /usr/lib/jvm/java-7-openjdk-amd64/jre/lib/amd64/server/libjvm.so
7fe05ce83000-7fe05ceb0000 rw-p 00000000 00:00 0 
7fe05ceb0000-7fe05cec9000 r-xp 00000000 08:05 1839641                    /lib/x86_64-linux-gnu/libz.so.1.2.8
7fe05cec9000-7fe05d0c8000 ---p 00019000 08:05 1839641                    /lib/x86_64-linux-gnu/libz.so.1.2.8
7fe05d0c8000-7fe05d0c9000 r--p 00018000 08:05 1839641                    /lib/x86_64-linux-gnu/libz.so.1.2.8
7fe05d0c9000-7fe05d0ca000 rw-p 00019000 08:05 1839641                    /lib/x86_64-linux-gnu/libz.so.1.2.8
7fe05d0ca000-7fe05d0e2000 r-xp 00000000 08:05 1835097                    /lib/x86_64-linux-gnu/libpthread-2.21.so
7fe05d0e2000-7fe05d2e2000 ---p 00018000 08:05 1835097                    /lib/x86_64-linux-gnu/libpthread-2.21.so
7fe05d2e2000-7fe05d2e3000 r--p 00018000 08:05 1835097                    /lib/x86_64-linux-gnu/libpthread-2.21.so
7fe05d2e3000-7fe05d2e4000 rw-p 00019000 08:05 1835097                    /lib/x86_64-linux-gnu/libpthread-2.21.so
7fe05d2e4000-7fe05d2e8000 rw-p 00000000 00:00 0 
7fe05d2e8000-7fe05d2eb000 r-xp 00000000 08:05 1835100                    /lib/x86_64-linux-gnu/libdl-2.21.so
7fe05d2eb000-7fe05d4ea000 ---p 00003000 08:05 1835100                    /lib/x86_64-linux-gnu/libdl-2.21.so
7fe05d4ea000-7fe05d4eb000 r--p 00002000 08:05 1835100                    /lib/x86_64-linux-gnu/libdl-2.21.so
7fe05d4eb000-7fe05d4ec000 rw-p 00003000 08:05 1835100                    /lib/x86_64-linux-gnu/libdl-2.21.so
7fe05d4ec000-7fe05d6ac000 r-xp 00000000 08:05 1839360                    /lib/x86_64-linux-gnu/libc-2.21.so
7fe05d6ac000-7fe05d8ac000 ---p 001c0000 08:05 1839360                    /lib/x86_64-linux-gnu/libc-2.21.so
7fe05d8ac000-7fe05d8b0000 r--p 001c0000 08:05 1839360                    /lib/x86_64-linux-gnu/libc-2.21.so
7fe05d8b0000-7fe05d8b2000 rw-p 001c4000 08:05 1839360                    /lib/x86_64-linux-gnu/libc-2.21.so
7fe05d8b2000-7fe05d8b6000 rw-p 00000000 00:00 0 
7fe05d8b6000-7fe05d8c3000 r-xp 00000000 08:05 9317622                    /usr/lib/jvm/java-7-openjdk-amd64/jre/lib/amd64/jli/libjli.so
7fe05d8c3000-7fe05dac2000 ---p 0000d000 08:05 9317622                    /usr/lib/jvm/java-7-openjdk-amd64/jre/lib/amd64/jli/libjli.so
7fe05dac2000-7fe05dac3000 r--p 0000c000 08:05 9317622                    /usr/lib/jvm/java-7-openjdk-amd64/jre/lib/amd64/jli/libjli.so
7fe05dac3000-7fe05dac4000 rw-p 0000d000 08:05 9317622                    /usr/lib/jvm/java-7-openjdk-amd64/jre/lib/amd64/jli/libjli.so
7fe05dac4000-7fe05dae8000 r-xp 00000000 08:05 1835111                    /lib/x86_64-linux-gnu/ld-2.21.so
7fe05daeb000-7fe05daef000 r--s 0003c000 08:05 9317658                    /usr/lib/jvm/java-7-openjdk-amd64/jre/lib/ext/sunpkcs11.jar
7fe05daef000-7fe05daf3000 r--s 00085000 08:05 9317657                    /usr/lib/jvm/java-7-openjdk-amd64/jre/lib/ext/localedata.jar
7fe05daf3000-7fe05db15000 rw-p 00000000 00:00 0 
7fe05db15000-7fe05dbcb000 rw-p 00000000 00:00 0 
7fe05dbcb000-7fe05dbce000 ---p 00000000 00:00 0 
7fe05dbce000-7fe05dcd1000 rw-p 00000000 00:00 0 
7fe05dcd2000-7fe05dcd3000 rw-p 00000000 00:00 0 
7fe05dcd3000-7fe05dcd4000 r--s 00002000 08:05 9317653                    /usr/lib/jvm/java-7-openjdk-amd64/jre/lib/ext/dnsns.jar
7fe05dcd4000-7fe05dcd6000 r--s 00007000 08:05 9181689                    /usr/share/java/java-atk-wrapper.jar
7fe05dcd6000-7fe05dcd8000 r--s 00012000 08:05 9317654                    /usr/lib/jvm/java-7-openjdk-amd64/jre/lib/ext/zipfs.jar
7fe05dcd8000-7fe05dcdb000 r--s 0000f000 08:05 9317656                    /usr/lib/jvm/java-7-openjdk-amd64/jre/lib/ext/icedtea-sound.jar
7fe05dcdb000-7fe05dce3000 rw-s 00000000 08:05 10243422                   /tmp/hsperfdata_cacomp/9395
7fe05dce3000-7fe05dce4000 rw-p 00000000 00:00 0 
7fe05dce4000-7fe05dce5000 ---p 00000000 00:00 0 
7fe05dce5000-7fe05dce7000 rw-p 00000000 00:00 0 
7fe05dce7000-7fe05dce8000 r--p 00023000 08:05 1835111                    /lib/x86_64-linux-gnu/ld-2.21.so
7fe05dce8000-7fe05dce9000 rw-p 00024000 08:05 1835111                    /lib/x86_64-linux-gnu/ld-2.21.so
7fe05dce9000-7fe05dcea000 rw-p 00000000 00:00 0 
7ffd905fa000-7ffd9061b000 rw-p 00000000 00:00 0                          [stack]
7ffd9066d000-7ffd9066f000 r--p 00000000 00:00 0                          [vvar]
7ffd9066f000-7ffd90671000 r-xp 00000000 00:00 0                          [vdso]
ffffffffff600000-ffffffffff601000 r-xp 00000000 00:00 0                  [vsyscall]

VM Arguments:
jvm_args: -Djava.awt.headless=true -Xmx1024M -Dfile.encoding=UTF-8 -Duser.country=BR -Duser.language=pt -Duser.variant 
java_command: com.android.dx.command.Main --dex --num-threads=4 --output /home/cacomp/urgent/app/build/intermediates/pre-dexed/debug/com.google.android.gms-play-services-ads-9.0.2_a72934d5047a3eea7a002945312ea31b3c765e30.jar /home/cacomp/urgent/app/build/intermediates/exploded-aar/com.google.android.gms/play-services-ads/9.0.2/jars/classes.jar
Launcher Type: SUN_STANDARD

Environment Variables:
PATH=/usr/local/sbin:/usr/local/bin:/usr/sbin:/usr/bin:/sbin:/bin:/usr/games:/usr/local/games:/home/cacomp/.rvm/bin:/home/cacomp/.rvm/bin
USERNAME=cacomp
LD_LIBRARY_PATH=.:
SHELL=/bin/bash
DISPLAY=:1

Signal Handlers:
SIGSEGV: [libjvm.so+0x996e60], sa_mask[0]=0x7ffbfeff, sa_flags=0x10000004
SIGBUS: [libjvm.so+0x996e60], sa_mask[0]=0x7ffbfeff, sa_flags=0x10000004
SIGFPE: [libjvm.so+0x7fdc90], sa_mask[0]=0x7ffbfeff, sa_flags=0x10000004
SIGPIPE: [libjvm.so+0x7fdc90], sa_mask[0]=0x7ffbfeff, sa_flags=0x10000004
SIGXFSZ: [libjvm.so+0x7fdc90], sa_mask[0]=0x7ffbfeff, sa_flags=0x10000004
SIGILL: [libjvm.so+0x7fdc90], sa_mask[0]=0x7ffbfeff, sa_flags=0x10000004
SIGUSR1: SIG_DFL, sa_mask[0]=0x00000000, sa_flags=0x00000000
SIGUSR2: [libjvm.so+0x7fdb10], sa_mask[0]=0x00000004, sa_flags=0x10000004
SIGHUP: [libjvm.so+0x7fdca0], sa_mask[0]=0x7ffbfeff, sa_flags=0x10000004
SIGINT: [libjvm.so+0x7fdca0], sa_mask[0]=0x7ffbfeff, sa_flags=0x10000004
SIGTERM: [libjvm.so+0x7fdca0], sa_mask[0]=0x7ffbfeff, sa_flags=0x10000004
SIGQUIT: [libjvm.so+0x7fdca0], sa_mask[0]=0x7ffbfeff, sa_flags=0x10000004
SIGTRAP: SIG_DFL, sa_mask[0]=0x00000000, sa_flags=0x00000000


---------------  S Y S T E M  ---------------

OS:Ubuntu 15.10 (wily)
uname:Linux 4.2.0-38-generic #45-Ubuntu SMP Wed Jun 8 21:21:49 UTC 2016 x86_64
libc:glibc 2.21 NPTL 2.21 
rlimit: STACK 8192k, CORE 0k, NPROC 31340, NOFILE 65536, AS infinity
load average:1,69 0,81 0,67

/proc/meminfo:
MemTotal:        8059804 kB
MemFree:          141892 kB
MemAvailable:     123296 kB
Buffers:            2020 kB
Cached:          2074828 kB
SwapCached:            0 kB
Active:          5808512 kB
Inactive:        1918556 kB
Active(anon):    5759604 kB
Inactive(anon):  1886252 kB
Active(file):      48908 kB
Inactive(file):    32304 kB
Unevictable:           0 kB
Mlocked:               0 kB
SwapTotal:             0 kB
SwapFree:              0 kB
Dirty:              1124 kB
Writeback:             0 kB
AnonPages:       5650300 kB
Mapped:          1200328 kB
Shmem:           1995608 kB
Slab:              88620 kB
SReclaimable:      50532 kB
SUnreclaim:        38088 kB
KernelStack:       11664 kB
PageTables:        46472 kB
NFS_Unstable:          0 kB
Bounce:                0 kB
WritebackTmp:          0 kB
CommitLimit:     4029900 kB
Committed_AS:   12052596 kB
VmallocTotal:   34359738367 kB
VmallocUsed:      358464 kB
VmallocChunk:   34358947836 kB
HardwareCorrupted:     0 kB
AnonHugePages:   4354048 kB
CmaTotal:              0 kB
CmaFree:               0 kB
HugePages_Total:       0
HugePages_Free:        0
HugePages_Rsvd:        0
HugePages_Surp:        0
Hugepagesize:       2048 kB
DirectMap4k:      170944 kB
DirectMap2M:     8101888 kB


CPU:total 4 (4 cores per cpu, 1 threads per core) family 6 model 58 stepping 9, cmov, cx8, fxsr, mmx, sse, sse2, sse3, ssse3, sse4.1, sse4.2, popcnt, avx, aes, erms, tsc, tscinvbit, tscinv

/proc/cpuinfo:
processor	: 0
vendor_id	: GenuineIntel
cpu family	: 6
model		: 58
model name	: Intel(R) Core(TM) i5-3470 CPU @ 3.20GHz
stepping	: 9
microcode	: 0x19
cpu MHz		: 1794.375
cache size	: 6144 KB
physical id	: 0
siblings	: 4
core id		: 0
cpu cores	: 4
apicid		: 0
initial apicid	: 0
fpu		: yes
fpu_exception	: yes
cpuid level	: 13
wp		: yes
flags		: fpu vme de pse tsc msr pae mce cx8 apic sep mtrr pge mca cmov pat pse36 clflush dts acpi mmx fxsr sse sse2 ss ht tm pbe syscall nx rdtscp lm constant_tsc arch_perfmon pebs bts rep_good nopl xtopology nonstop_tsc aperfmperf eagerfpu pni pclmulqdq dtes64 monitor ds_cpl vmx smx est tm2 ssse3 cx16 xtpr pdcm pcid sse4_1 sse4_2 x2apic popcnt tsc_deadline_timer aes xsave avx f16c rdrand lahf_lm ida arat epb pln pts dtherm tpr_shadow vnmi flexpriority ept vpid fsgsbase smep erms xsaveopt
bugs		:
bogomips	: 6385.75
clflush size	: 64
cache_alignment	: 64
address sizes	: 36 bits physical, 48 bits virtual
power management:

processor	: 1
vendor_id	: GenuineIntel
cpu family	: 6
model		: 58
model name	: Intel(R) Core(TM) i5-3470 CPU @ 3.20GHz
stepping	: 9
microcode	: 0x19
cpu MHz		: 1801.500
cache size	: 6144 KB
physical id	: 0
siblings	: 4
core id		: 1
cpu cores	: 4
apicid		: 2
initial apicid	: 2
fpu		: yes
fpu_exception	: yes
cpuid level	: 13
wp		: yes
flags		: fpu vme de pse tsc msr pae mce cx8 apic sep mtrr pge mca cmov pat pse36 clflush dts acpi mmx fxsr sse sse2 ss ht tm pbe syscall nx rdtscp lm constant_tsc arch_perfmon pebs bts rep_good nopl xtopology nonstop_tsc aperfmperf eagerfpu pni pclmulqdq dtes64 monitor ds_cpl vmx smx est tm2 ssse3 cx16 xtpr pdcm pcid sse4_1 sse4_2 x2apic popcnt tsc_deadline_timer aes xsave avx f16c rdrand lahf_lm ida arat epb pln pts dtherm tpr_shadow vnmi flexpriority ept vpid fsgsbase smep erms xsaveopt
bugs		:
bogomips	: 6385.75
clflush size	: 64
cache_alignment	: 64
address sizes	: 36 bits physical, 48 bits virtual
power management:

processor	: 2
vendor_id	: GenuineIntel
cpu family	: 6
model		: 58
model name	: Intel(R) Core(TM) i5-3470 CPU @ 3.20GHz
stepping	: 9
microcode	: 0x19
cpu MHz		: 1608.500
cache size	: 6144 KB
physical id	: 0
siblings	: 4
core id		: 2
cpu cores	: 4
apicid		: 4
initial apicid	: 4
fpu		: yes
fpu_exception	: yes
cpuid level	: 13
wp		: yes
flags		: fpu vme de pse tsc msr pae mce cx8 apic sep mtrr pge mca cmov pat pse36 clflush dts acpi mmx fxsr sse sse2 ss ht tm pbe syscall nx rdtscp lm constant_tsc arch_perfmon pebs bts rep_good nopl xtopology nonstop_tsc aperfmperf eagerfpu pni pclmulqdq dtes64 monitor ds_cpl vmx smx est tm2 ssse3 cx16 xtpr pdcm pcid sse4_1 sse4_2 x2apic popcnt tsc_deadline_timer aes xsave avx f16c rdrand lahf_lm ida arat epb pln pts dtherm tpr_shadow vnmi flexpriority ept vpid fsgsbase smep erms xsaveopt
bugs		:
bogomips	: 6385.75
clflush size	: 64
cache_alignment	: 64
address sizes	: 36 bits physical, 48 bits virtual
power management:

processor	: 3
vendor_id	: GenuineIntel
cpu family	: 6
model		: 58
model name	: Intel(R) Core(TM) i5-3470 CPU @ 3.20GHz
stepping	: 9
microcode	: 0x19
cpu MHz		: 1719.875
cache size	: 6144 KB
physical id	: 0
siblings	: 4
core id		: 3
cpu cores	: 4
apicid		: 6
initial apicid	: 6
fpu		: yes
fpu_exception	: yes
cpuid level	: 13
wp		: yes
flags		: fpu vme de pse tsc msr pae mce cx8 apic sep mtrr pge mca cmov pat pse36 clflush dts acpi mmx fxsr sse sse2 ss ht tm pbe syscall nx rdtscp lm constant_tsc arch_perfmon pebs bts rep_good nopl xtopology nonstop_tsc aperfmperf eagerfpu pni pclmulqdq dtes64 monitor ds_cpl vmx smx est tm2 ssse3 cx16 xtpr pdcm pcid sse4_1 sse4_2 x2apic popcnt tsc_deadline_timer aes xsave avx f16c rdrand lahf_lm ida arat epb pln pts dtherm tpr_shadow vnmi flexpriority ept vpid fsgsbase smep erms xsaveopt
bugs		:
bogomips	: 6385.75
clflush size	: 64
cache_alignment	: 64
address sizes	: 36 bits physical, 48 bits virtual
power management:



Memory: 4k page, physical 8059804k(141892k free), swap 0k(0k free)

vm_info: OpenJDK 64-Bit Server VM (24.95-b01) for linux-amd64 JRE (1.7.0_101-b00), built on Apr 24 2016 20:35:58 by "buildd" with gcc 5.2.1 20151010

time: Mon Jun 27 16:41:31 2016
elapsed time: 5 seconds

